CRITICAL - 2025-01-20 10:10:13 --> CodeIgniter\View\Exceptions\ViewException: Invalid file: "partials/costomizer.php"
[Method: GET, Route: /]
in SYSTEMPATH/Exceptions/FrameworkException.php on line 39.
 1 SYSTEMPATH/View/View.php(212): CodeIgniter\Exceptions\FrameworkException::forInvalidFile()
 2 SYSTEMPATH/View/View.php(475): CodeIgniter\View\View->render()
 3 APPPATH/Views/index.php(893): CodeIgniter\View\View->include()
 4 SYSTEMPATH/View/View.php(224): include('/home/ct/Desktop/Adminto_codeigniter/app/Views/index.php')
 5 SYSTEMPATH/View/View.php(227): CodeIgniter\View\View->CodeIgniter\View\{closure}()
 6 SYSTEMPATH/Common.php(1173): CodeIgniter\View\View->render()
 7 APPPATH/Controllers/Home.php(9): view()
 8 SYSTEMPATH/CodeIgniter.php(933): App\Controllers\Home->index()
 9 SYSTEMPATH/CodeIgniter.php(507): CodeIgniter\CodeIgniter->runController()
10 SYSTEMPATH/CodeIgniter.php(354): CodeIgniter\CodeIgniter->handleRequest()
11 SYSTEMPATH/Boot.php(334): CodeIgniter\CodeIgniter->run()
12 SYSTEMPATH/Boot.php(67): CodeIgniter\Boot::runCodeIgniter()
13 FCPATH/index.php(56): CodeIgniter\Boot::bootWeb()
14 SYSTEMPATH/rewrite.php(44): require_once('/home/ct/Desktop/Adminto_codeigniter/public/index.php')
CRITICAL - 2025-01-20 10:10:22 --> CodeIgniter\View\Exceptions\ViewException: Invalid file: "partials/costomizer.php"
[Method: GET, Route: /]
in SYSTEMPATH/Exceptions/FrameworkException.php on line 39.
 1 SYSTEMPATH/View/View.php(212): CodeIgniter\Exceptions\FrameworkException::forInvalidFile()
 2 SYSTEMPATH/View/View.php(475): CodeIgniter\View\View->render()
 3 APPPATH/Views/index.php(892): CodeIgniter\View\View->include()
 4 SYSTEMPATH/View/View.php(224): include('/home/ct/Desktop/Adminto_codeigniter/app/Views/index.php')
 5 SYSTEMPATH/View/View.php(227): CodeIgniter\View\View->CodeIgniter\View\{closure}()
 6 SYSTEMPATH/Common.php(1173): CodeIgniter\View\View->render()
 7 APPPATH/Controllers/Home.php(9): view()
 8 SYSTEMPATH/CodeIgniter.php(933): App\Controllers\Home->index()
 9 SYSTEMPATH/CodeIgniter.php(507): CodeIgniter\CodeIgniter->runController()
10 SYSTEMPATH/CodeIgniter.php(354): CodeIgniter\CodeIgniter->handleRequest()
11 SYSTEMPATH/Boot.php(334): CodeIgniter\CodeIgniter->run()
12 SYSTEMPATH/Boot.php(67): CodeIgniter\Boot::runCodeIgniter()
13 FCPATH/index.php(56): CodeIgniter\Boot::bootWeb()
14 SYSTEMPATH/rewrite.php(44): require_once('/home/ct/Desktop/Adminto_codeigniter/public/index.php')
CRITICAL - 2025-01-20 10:10:23 --> CodeIgniter\View\Exceptions\ViewException: Invalid file: "partials/costomizer.php"
[Method: GET, Route: /]
in SYSTEMPATH/Exceptions/FrameworkException.php on line 39.
 1 SYSTEMPATH/View/View.php(212): CodeIgniter\Exceptions\FrameworkException::forInvalidFile()
 2 SYSTEMPATH/View/View.php(475): CodeIgniter\View\View->render()
 3 APPPATH/Views/index.php(892): CodeIgniter\View\View->include()
 4 SYSTEMPATH/View/View.php(224): include('/home/ct/Desktop/Adminto_codeigniter/app/Views/index.php')
 5 SYSTEMPATH/View/View.php(227): CodeIgniter\View\View->CodeIgniter\View\{closure}()
 6 SYSTEMPATH/Common.php(1173): CodeIgniter\View\View->render()
 7 APPPATH/Controllers/Home.php(9): view()
 8 SYSTEMPATH/CodeIgniter.php(933): App\Controllers\Home->index()
 9 SYSTEMPATH/CodeIgniter.php(507): CodeIgniter\CodeIgniter->runController()
10 SYSTEMPATH/CodeIgniter.php(354): CodeIgniter\CodeIgniter->handleRequest()
11 SYSTEMPATH/Boot.php(334): CodeIgniter\CodeIgniter->run()
12 SYSTEMPATH/Boot.php(67): CodeIgniter\Boot::runCodeIgniter()
13 FCPATH/index.php(56): CodeIgniter\Boot::bootWeb()
14 SYSTEMPATH/rewrite.php(44): require_once('/home/ct/Desktop/Adminto_codeigniter/public/index.php')
CRITICAL - 2025-01-20 10:10:47 --> CodeIgniter\View\Exceptions\ViewException: Invalid file: "partials/sidebar.php"
[Method: GET, Route: /]
in SYSTEMPATH/Exceptions/FrameworkException.php on line 39.
 1 SYSTEMPATH/View/View.php(212): CodeIgniter\Exceptions\FrameworkException::forInvalidFile()
 2 SYSTEMPATH/View/View.php(475): CodeIgniter\View\View->render()
 3 APPPATH/Views/index.php(5): CodeIgniter\View\View->include()
 4 SYSTEMPATH/View/View.php(224): include('/home/ct/Desktop/Adminto_codeigniter/app/Views/index.php')
 5 SYSTEMPATH/View/View.php(227): CodeIgniter\View\View->CodeIgniter\View\{closure}()
 6 SYSTEMPATH/Common.php(1173): CodeIgniter\View\View->render()
 7 APPPATH/Controllers/Home.php(9): view()
 8 SYSTEMPATH/CodeIgniter.php(933): App\Controllers\Home->index()
 9 SYSTEMPATH/CodeIgniter.php(507): CodeIgniter\CodeIgniter->runController()
10 SYSTEMPATH/CodeIgniter.php(354): CodeIgniter\CodeIgniter->handleRequest()
11 SYSTEMPATH/Boot.php(334): CodeIgniter\CodeIgniter->run()
12 SYSTEMPATH/Boot.php(67): CodeIgniter\Boot::runCodeIgniter()
13 FCPATH/index.php(56): CodeIgniter\Boot::bootWeb()
14 SYSTEMPATH/rewrite.php(44): require_once('/home/ct/Desktop/Adminto_codeigniter/public/index.php')
CRITICAL - 2025-01-20 10:10:48 --> CodeIgniter\View\Exceptions\ViewException: Invalid file: "partials/sidebar.php"
[Method: GET, Route: /]
in SYSTEMPATH/Exceptions/FrameworkException.php on line 39.
 1 SYSTEMPATH/View/View.php(212): CodeIgniter\Exceptions\FrameworkException::forInvalidFile()
 2 SYSTEMPATH/View/View.php(475): CodeIgniter\View\View->render()
 3 APPPATH/Views/index.php(5): CodeIgniter\View\View->include()
 4 SYSTEMPATH/View/View.php(224): include('/home/ct/Desktop/Adminto_codeigniter/app/Views/index.php')
 5 SYSTEMPATH/View/View.php(227): CodeIgniter\View\View->CodeIgniter\View\{closure}()
 6 SYSTEMPATH/Common.php(1173): CodeIgniter\View\View->render()
 7 APPPATH/Controllers/Home.php(9): view()
 8 SYSTEMPATH/CodeIgniter.php(933): App\Controllers\Home->index()
 9 SYSTEMPATH/CodeIgniter.php(507): CodeIgniter\CodeIgniter->runController()
10 SYSTEMPATH/CodeIgniter.php(354): CodeIgniter\CodeIgniter->handleRequest()
11 SYSTEMPATH/Boot.php(334): CodeIgniter\CodeIgniter->run()
12 SYSTEMPATH/Boot.php(67): CodeIgniter\Boot::runCodeIgniter()
13 FCPATH/index.php(56): CodeIgniter\Boot::bootWeb()
14 SYSTEMPATH/rewrite.php(44): require_once('/home/ct/Desktop/Adminto_codeigniter/public/index.php')
CRITICAL - 2025-01-20 10:11:01 --> CodeIgniter\View\Exceptions\ViewException: Invalid file: "partials/costomizer.php"
[Method: GET, Route: /]
in SYSTEMPATH/Exceptions/FrameworkException.php on line 39.
 1 SYSTEMPATH/View/View.php(212): CodeIgniter\Exceptions\FrameworkException::forInvalidFile()
 2 SYSTEMPATH/View/View.php(475): CodeIgniter\View\View->render()
 3 APPPATH/Views/index.php(892): CodeIgniter\View\View->include()
 4 SYSTEMPATH/View/View.php(224): include('/home/ct/Desktop/Adminto_codeigniter/app/Views/index.php')
 5 SYSTEMPATH/View/View.php(227): CodeIgniter\View\View->CodeIgniter\View\{closure}()
 6 SYSTEMPATH/Common.php(1173): CodeIgniter\View\View->render()
 7 APPPATH/Controllers/Home.php(9): view()
 8 SYSTEMPATH/CodeIgniter.php(933): App\Controllers\Home->index()
 9 SYSTEMPATH/CodeIgniter.php(507): CodeIgniter\CodeIgniter->runController()
10 SYSTEMPATH/CodeIgniter.php(354): CodeIgniter\CodeIgniter->handleRequest()
11 SYSTEMPATH/Boot.php(334): CodeIgniter\CodeIgniter->run()
12 SYSTEMPATH/Boot.php(67): CodeIgniter\Boot::runCodeIgniter()
13 FCPATH/index.php(56): CodeIgniter\Boot::bootWeb()
14 SYSTEMPATH/rewrite.php(44): require_once('/home/ct/Desktop/Adminto_codeigniter/public/index.php')
CRITICAL - 2025-01-20 10:12:38 --> CodeIgniter\View\Exceptions\ViewException: Invalid file: "partials/customizerss.php"
[Method: GET, Route: /]
in SYSTEMPATH/Exceptions/FrameworkException.php on line 39.
 1 SYSTEMPATH/View/View.php(212): CodeIgniter\Exceptions\FrameworkException::forInvalidFile()
 2 SYSTEMPATH/View/View.php(475): CodeIgniter\View\View->render()
 3 APPPATH/Views/index.php(892): CodeIgniter\View\View->include()
 4 SYSTEMPATH/View/View.php(224): include('/home/ct/Desktop/Adminto_codeigniter/app/Views/index.php')
 5 SYSTEMPATH/View/View.php(227): CodeIgniter\View\View->CodeIgniter\View\{closure}()
 6 SYSTEMPATH/Common.php(1173): CodeIgniter\View\View->render()
 7 APPPATH/Controllers/Home.php(9): view()
 8 SYSTEMPATH/CodeIgniter.php(933): App\Controllers\Home->index()
 9 SYSTEMPATH/CodeIgniter.php(507): CodeIgniter\CodeIgniter->runController()
10 SYSTEMPATH/CodeIgniter.php(354): CodeIgniter\CodeIgniter->handleRequest()
11 SYSTEMPATH/Boot.php(334): CodeIgniter\CodeIgniter->run()
12 SYSTEMPATH/Boot.php(67): CodeIgniter\Boot::runCodeIgniter()
13 FCPATH/index.php(56): CodeIgniter\Boot::bootWeb()
14 SYSTEMPATH/rewrite.php(44): require_once('/home/ct/Desktop/Adminto_codeigniter/public/index.php')
CRITICAL - 2025-01-20 10:12:38 --> CodeIgniter\View\Exceptions\ViewException: Invalid file: "partials/customizerss.php"
[Method: GET, Route: /]
in SYSTEMPATH/Exceptions/FrameworkException.php on line 39.
 1 SYSTEMPATH/View/View.php(212): CodeIgniter\Exceptions\FrameworkException::forInvalidFile()
 2 SYSTEMPATH/View/View.php(475): CodeIgniter\View\View->render()
 3 APPPATH/Views/index.php(892): CodeIgniter\View\View->include()
 4 SYSTEMPATH/View/View.php(224): include('/home/ct/Desktop/Adminto_codeigniter/app/Views/index.php')
 5 SYSTEMPATH/View/View.php(227): CodeIgniter\View\View->CodeIgniter\View\{closure}()
 6 SYSTEMPATH/Common.php(1173): CodeIgniter\View\View->render()
 7 APPPATH/Controllers/Home.php(9): view()
 8 SYSTEMPATH/CodeIgniter.php(933): App\Controllers\Home->index()
 9 SYSTEMPATH/CodeIgniter.php(507): CodeIgniter\CodeIgniter->runController()
10 SYSTEMPATH/CodeIgniter.php(354): CodeIgniter\CodeIgniter->handleRequest()
11 SYSTEMPATH/Boot.php(334): CodeIgniter\CodeIgniter->run()
12 SYSTEMPATH/Boot.php(67): CodeIgniter\Boot::runCodeIgniter()
13 FCPATH/index.php(56): CodeIgniter\Boot::bootWeb()
14 SYSTEMPATH/rewrite.php(44): require_once('/home/ct/Desktop/Adminto_codeigniter/public/index.php')
CRITICAL - 2025-01-20 10:12:39 --> CodeIgniter\View\Exceptions\ViewException: Invalid file: "partials/customizerss.php"
[Method: GET, Route: /]
in SYSTEMPATH/Exceptions/FrameworkException.php on line 39.
 1 SYSTEMPATH/View/View.php(212): CodeIgniter\Exceptions\FrameworkException::forInvalidFile()
 2 SYSTEMPATH/View/View.php(475): CodeIgniter\View\View->render()
 3 APPPATH/Views/index.php(892): CodeIgniter\View\View->include()
 4 SYSTEMPATH/View/View.php(224): include('/home/ct/Desktop/Adminto_codeigniter/app/Views/index.php')
 5 SYSTEMPATH/View/View.php(227): CodeIgniter\View\View->CodeIgniter\View\{closure}()
 6 SYSTEMPATH/Common.php(1173): CodeIgniter\View\View->render()
 7 APPPATH/Controllers/Home.php(9): view()
 8 SYSTEMPATH/CodeIgniter.php(933): App\Controllers\Home->index()
 9 SYSTEMPATH/CodeIgniter.php(507): CodeIgniter\CodeIgniter->runController()
10 SYSTEMPATH/CodeIgniter.php(354): CodeIgniter\CodeIgniter->handleRequest()
11 SYSTEMPATH/Boot.php(334): CodeIgniter\CodeIgniter->run()
12 SYSTEMPATH/Boot.php(67): CodeIgniter\Boot::runCodeIgniter()
13 FCPATH/index.php(56): CodeIgniter\Boot::bootWeb()
14 SYSTEMPATH/rewrite.php(44): require_once('/home/ct/Desktop/Adminto_codeigniter/public/index.php')
CRITICAL - 2025-01-20 10:17:54 --> CodeIgniter\View\Exceptions\ViewException: Invalid file: "sidenav.php"
[Method: GET, Route: /]
in SYSTEMPATH/Exceptions/FrameworkException.php on line 39.
 1 SYSTEMPATH/View/View.php(212): CodeIgniter\Exceptions\FrameworkException::forInvalidFile()
 2 SYSTEMPATH/View/View.php(475): CodeIgniter\View\View->render()
 3 APPPATH/Views/partials/menu.php(2): CodeIgniter\View\View->include()
 4 SYSTEMPATH/View/View.php(224): include('/home/ct/Desktop/Adminto_codeigniter/app/Views/partials/menu.php')
 5 SYSTEMPATH/View/View.php(227): CodeIgniter\View\View->CodeIgniter\View\{closure}()
 6 SYSTEMPATH/View/View.php(475): CodeIgniter\View\View->render()
 7 APPPATH/Views/index.php(12): CodeIgniter\View\View->include()
 8 SYSTEMPATH/View/View.php(224): include('/home/ct/Desktop/Adminto_codeigniter/app/Views/index.php')
 9 SYSTEMPATH/View/View.php(227): CodeIgniter\View\View->CodeIgniter\View\{closure}()
10 SYSTEMPATH/Common.php(1173): CodeIgniter\View\View->render()
11 APPPATH/Controllers/Home.php(9): view()
12 SYSTEMPATH/CodeIgniter.php(933): App\Controllers\Home->index()
13 SYSTEMPATH/CodeIgniter.php(507): CodeIgniter\CodeIgniter->runController()
14 SYSTEMPATH/CodeIgniter.php(354): CodeIgniter\CodeIgniter->handleRequest()
15 SYSTEMPATH/Boot.php(334): CodeIgniter\CodeIgniter->run()
16 SYSTEMPATH/Boot.php(67): CodeIgniter\Boot::runCodeIgniter()
17 FCPATH/index.php(56): CodeIgniter\Boot::bootWeb()
18 SYSTEMPATH/rewrite.php(44): require_once('/home/ct/Desktop/Adminto_codeigniter/public/index.php')
CRITICAL - 2025-01-20 10:18:19 --> CodeIgniter\View\Exceptions\ViewException: Invalid file: "sidenav.php"
[Method: GET, Route: /]
in SYSTEMPATH/Exceptions/FrameworkException.php on line 39.
 1 SYSTEMPATH/View/View.php(212): CodeIgniter\Exceptions\FrameworkException::forInvalidFile()
 2 SYSTEMPATH/View/View.php(475): CodeIgniter\View\View->render()
 3 APPPATH/Views/partials/menu.php(2): CodeIgniter\View\View->include()
 4 SYSTEMPATH/View/View.php(224): include('/home/ct/Desktop/Adminto_codeigniter/app/Views/partials/menu.php')
 5 SYSTEMPATH/View/View.php(227): CodeIgniter\View\View->CodeIgniter\View\{closure}()
 6 SYSTEMPATH/View/View.php(475): CodeIgniter\View\View->render()
 7 APPPATH/Views/index.php(12): CodeIgniter\View\View->include()
 8 SYSTEMPATH/View/View.php(224): include('/home/ct/Desktop/Adminto_codeigniter/app/Views/index.php')
 9 SYSTEMPATH/View/View.php(227): CodeIgniter\View\View->CodeIgniter\View\{closure}()
10 SYSTEMPATH/Common.php(1173): CodeIgniter\View\View->render()
11 APPPATH/Controllers/Home.php(9): view()
12 SYSTEMPATH/CodeIgniter.php(933): App\Controllers\Home->index()
13 SYSTEMPATH/CodeIgniter.php(507): CodeIgniter\CodeIgniter->runController()
14 SYSTEMPATH/CodeIgniter.php(354): CodeIgniter\CodeIgniter->handleRequest()
15 SYSTEMPATH/Boot.php(334): CodeIgniter\CodeIgniter->run()
16 SYSTEMPATH/Boot.php(67): CodeIgniter\Boot::runCodeIgniter()
17 FCPATH/index.php(56): CodeIgniter\Boot::bootWeb()
18 SYSTEMPATH/rewrite.php(44): require_once('/home/ct/Desktop/Adminto_codeigniter/public/index.php')
CRITICAL - 2025-01-20 10:18:57 --> CodeIgniter\View\Exceptions\ViewException: Invalid file: "sidenav.php"
[Method: GET, Route: /]
in SYSTEMPATH/Exceptions/FrameworkException.php on line 39.
 1 SYSTEMPATH/View/View.php(212): CodeIgniter\Exceptions\FrameworkException::forInvalidFile()
 2 SYSTEMPATH/View/View.php(475): CodeIgniter\View\View->render()
 3 APPPATH/Views/partials/menu.php(2): CodeIgniter\View\View->include()
 4 SYSTEMPATH/View/View.php(224): include('/home/ct/Desktop/Adminto_codeigniter/app/Views/partials/menu.php')
 5 SYSTEMPATH/View/View.php(227): CodeIgniter\View\View->CodeIgniter\View\{closure}()
 6 SYSTEMPATH/View/View.php(475): CodeIgniter\View\View->render()
 7 APPPATH/Views/index.php(12): CodeIgniter\View\View->include()
 8 SYSTEMPATH/View/View.php(224): include('/home/ct/Desktop/Adminto_codeigniter/app/Views/index.php')
 9 SYSTEMPATH/View/View.php(227): CodeIgniter\View\View->CodeIgniter\View\{closure}()
10 SYSTEMPATH/Common.php(1173): CodeIgniter\View\View->render()
11 APPPATH/Controllers/Home.php(9): view()
12 SYSTEMPATH/CodeIgniter.php(933): App\Controllers\Home->index()
13 SYSTEMPATH/CodeIgniter.php(507): CodeIgniter\CodeIgniter->runController()
14 SYSTEMPATH/CodeIgniter.php(354): CodeIgniter\CodeIgniter->handleRequest()
15 SYSTEMPATH/Boot.php(334): CodeIgniter\CodeIgniter->run()
16 SYSTEMPATH/Boot.php(67): CodeIgniter\Boot::runCodeIgniter()
17 FCPATH/index.php(56): CodeIgniter\Boot::bootWeb()
18 SYSTEMPATH/rewrite.php(44): require_once('/home/ct/Desktop/Adminto_codeigniter/public/index.php')
CRITICAL - 2025-01-20 10:18:57 --> CodeIgniter\View\Exceptions\ViewException: Invalid file: "sidenav.php"
[Method: GET, Route: /]
in SYSTEMPATH/Exceptions/FrameworkException.php on line 39.
 1 SYSTEMPATH/View/View.php(212): CodeIgniter\Exceptions\FrameworkException::forInvalidFile()
 2 SYSTEMPATH/View/View.php(475): CodeIgniter\View\View->render()
 3 APPPATH/Views/partials/menu.php(2): CodeIgniter\View\View->include()
 4 SYSTEMPATH/View/View.php(224): include('/home/ct/Desktop/Adminto_codeigniter/app/Views/partials/menu.php')
 5 SYSTEMPATH/View/View.php(227): CodeIgniter\View\View->CodeIgniter\View\{closure}()
 6 SYSTEMPATH/View/View.php(475): CodeIgniter\View\View->render()
 7 APPPATH/Views/index.php(12): CodeIgniter\View\View->include()
 8 SYSTEMPATH/View/View.php(224): include('/home/ct/Desktop/Adminto_codeigniter/app/Views/index.php')
 9 SYSTEMPATH/View/View.php(227): CodeIgniter\View\View->CodeIgniter\View\{closure}()
10 SYSTEMPATH/Common.php(1173): CodeIgniter\View\View->render()
11 APPPATH/Controllers/Home.php(9): view()
12 SYSTEMPATH/CodeIgniter.php(933): App\Controllers\Home->index()
13 SYSTEMPATH/CodeIgniter.php(507): CodeIgniter\CodeIgniter->runController()
14 SYSTEMPATH/CodeIgniter.php(354): CodeIgniter\CodeIgniter->handleRequest()
15 SYSTEMPATH/Boot.php(334): CodeIgniter\CodeIgniter->run()
16 SYSTEMPATH/Boot.php(67): CodeIgniter\Boot::runCodeIgniter()
17 FCPATH/index.php(56): CodeIgniter\Boot::bootWeb()
18 SYSTEMPATH/rewrite.php(44): require_once('/home/ct/Desktop/Adminto_codeigniter/public/index.php')
CRITICAL - 2025-01-20 10:18:58 --> CodeIgniter\View\Exceptions\ViewException: Invalid file: "sidenav.php"
[Method: GET, Route: /]
in SYSTEMPATH/Exceptions/FrameworkException.php on line 39.
 1 SYSTEMPATH/View/View.php(212): CodeIgniter\Exceptions\FrameworkException::forInvalidFile()
 2 SYSTEMPATH/View/View.php(475): CodeIgniter\View\View->render()
 3 APPPATH/Views/partials/menu.php(2): CodeIgniter\View\View->include()
 4 SYSTEMPATH/View/View.php(224): include('/home/ct/Desktop/Adminto_codeigniter/app/Views/partials/menu.php')
 5 SYSTEMPATH/View/View.php(227): CodeIgniter\View\View->CodeIgniter\View\{closure}()
 6 SYSTEMPATH/View/View.php(475): CodeIgniter\View\View->render()
 7 APPPATH/Views/index.php(12): CodeIgniter\View\View->include()
 8 SYSTEMPATH/View/View.php(224): include('/home/ct/Desktop/Adminto_codeigniter/app/Views/index.php')
 9 SYSTEMPATH/View/View.php(227): CodeIgniter\View\View->CodeIgniter\View\{closure}()
10 SYSTEMPATH/Common.php(1173): CodeIgniter\View\View->render()
11 APPPATH/Controllers/Home.php(9): view()
12 SYSTEMPATH/CodeIgniter.php(933): App\Controllers\Home->index()
13 SYSTEMPATH/CodeIgniter.php(507): CodeIgniter\CodeIgniter->runController()
14 SYSTEMPATH/CodeIgniter.php(354): CodeIgniter\CodeIgniter->handleRequest()
15 SYSTEMPATH/Boot.php(334): CodeIgniter\CodeIgniter->run()
16 SYSTEMPATH/Boot.php(67): CodeIgniter\Boot::runCodeIgniter()
17 FCPATH/index.php(56): CodeIgniter\Boot::bootWeb()
18 SYSTEMPATH/rewrite.php(44): require_once('/home/ct/Desktop/Adminto_codeigniter/public/index.php')
CRITICAL - 2025-01-20 10:18:58 --> CodeIgniter\View\Exceptions\ViewException: Invalid file: "sidenav.php"
[Method: GET, Route: /]
in SYSTEMPATH/Exceptions/FrameworkException.php on line 39.
 1 SYSTEMPATH/View/View.php(212): CodeIgniter\Exceptions\FrameworkException::forInvalidFile()
 2 SYSTEMPATH/View/View.php(475): CodeIgniter\View\View->render()
 3 APPPATH/Views/partials/menu.php(2): CodeIgniter\View\View->include()
 4 SYSTEMPATH/View/View.php(224): include('/home/ct/Desktop/Adminto_codeigniter/app/Views/partials/menu.php')
 5 SYSTEMPATH/View/View.php(227): CodeIgniter\View\View->CodeIgniter\View\{closure}()
 6 SYSTEMPATH/View/View.php(475): CodeIgniter\View\View->render()
 7 APPPATH/Views/index.php(12): CodeIgniter\View\View->include()
 8 SYSTEMPATH/View/View.php(224): include('/home/ct/Desktop/Adminto_codeigniter/app/Views/index.php')
 9 SYSTEMPATH/View/View.php(227): CodeIgniter\View\View->CodeIgniter\View\{closure}()
10 SYSTEMPATH/Common.php(1173): CodeIgniter\View\View->render()
11 APPPATH/Controllers/Home.php(9): view()
12 SYSTEMPATH/CodeIgniter.php(933): App\Controllers\Home->index()
13 SYSTEMPATH/CodeIgniter.php(507): CodeIgniter\CodeIgniter->runController()
14 SYSTEMPATH/CodeIgniter.php(354): CodeIgniter\CodeIgniter->handleRequest()
15 SYSTEMPATH/Boot.php(334): CodeIgniter\CodeIgniter->run()
16 SYSTEMPATH/Boot.php(67): CodeIgniter\Boot::runCodeIgniter()
17 FCPATH/index.php(56): CodeIgniter\Boot::bootWeb()
18 SYSTEMPATH/rewrite.php(44): require_once('/home/ct/Desktop/Adminto_codeigniter/public/index.php')
CRITICAL - 2025-01-20 10:19:21 --> CodeIgniter\View\Exceptions\ViewException: Invalid file: "sidenav.php"
[Method: GET, Route: /]
in SYSTEMPATH/Exceptions/FrameworkException.php on line 39.
 1 SYSTEMPATH/View/View.php(212): CodeIgniter\Exceptions\FrameworkException::forInvalidFile()
 2 SYSTEMPATH/View/View.php(475): CodeIgniter\View\View->render()
 3 APPPATH/Views/partials/menu.php(2): CodeIgniter\View\View->include()
 4 SYSTEMPATH/View/View.php(224): include('/home/ct/Desktop/Adminto_codeigniter/app/Views/partials/menu.php')
 5 SYSTEMPATH/View/View.php(227): CodeIgniter\View\View->CodeIgniter\View\{closure}()
 6 SYSTEMPATH/View/View.php(475): CodeIgniter\View\View->render()
 7 APPPATH/Views/index.php(12): CodeIgniter\View\View->include()
 8 SYSTEMPATH/View/View.php(224): include('/home/ct/Desktop/Adminto_codeigniter/app/Views/index.php')
 9 SYSTEMPATH/View/View.php(227): CodeIgniter\View\View->CodeIgniter\View\{closure}()
10 SYSTEMPATH/Common.php(1173): CodeIgniter\View\View->render()
11 APPPATH/Controllers/Home.php(9): view()
12 SYSTEMPATH/CodeIgniter.php(933): App\Controllers\Home->index()
13 SYSTEMPATH/CodeIgniter.php(507): CodeIgniter\CodeIgniter->runController()
14 SYSTEMPATH/CodeIgniter.php(354): CodeIgniter\CodeIgniter->handleRequest()
15 SYSTEMPATH/Boot.php(334): CodeIgniter\CodeIgniter->run()
16 SYSTEMPATH/Boot.php(67): CodeIgniter\Boot::runCodeIgniter()
17 FCPATH/index.php(56): CodeIgniter\Boot::bootWeb()
18 SYSTEMPATH/rewrite.php(44): require_once('/home/ct/Desktop/Adminto_codeigniter/public/index.php')
CRITICAL - 2025-01-20 10:19:40 --> CodeIgniter\View\Exceptions\ViewException: Invalid file: "sidenav.php"
[Method: GET, Route: /]
in SYSTEMPATH/Exceptions/FrameworkException.php on line 39.
 1 SYSTEMPATH/View/View.php(212): CodeIgniter\Exceptions\FrameworkException::forInvalidFile()
 2 SYSTEMPATH/View/View.php(475): CodeIgniter\View\View->render()
 3 APPPATH/Views/partials/menu.php(2): CodeIgniter\View\View->include()
 4 SYSTEMPATH/View/View.php(224): include('/home/ct/Desktop/Adminto_codeigniter/app/Views/partials/menu.php')
 5 SYSTEMPATH/View/View.php(227): CodeIgniter\View\View->CodeIgniter\View\{closure}()
 6 SYSTEMPATH/View/View.php(475): CodeIgniter\View\View->render()
 7 APPPATH/Views/index.php(12): CodeIgniter\View\View->include()
 8 SYSTEMPATH/View/View.php(224): include('/home/ct/Desktop/Adminto_codeigniter/app/Views/index.php')
 9 SYSTEMPATH/View/View.php(227): CodeIgniter\View\View->CodeIgniter\View\{closure}()
10 SYSTEMPATH/Common.php(1173): CodeIgniter\View\View->render()
11 APPPATH/Controllers/Home.php(9): view()
12 SYSTEMPATH/CodeIgniter.php(933): App\Controllers\Home->index()
13 SYSTEMPATH/CodeIgniter.php(507): CodeIgniter\CodeIgniter->runController()
14 SYSTEMPATH/CodeIgniter.php(354): CodeIgniter\CodeIgniter->handleRequest()
15 SYSTEMPATH/Boot.php(334): CodeIgniter\CodeIgniter->run()
16 SYSTEMPATH/Boot.php(67): CodeIgniter\Boot::runCodeIgniter()
17 FCPATH/index.php(56): CodeIgniter\Boot::bootWeb()
18 SYSTEMPATH/rewrite.php(44): require_once('/home/ct/Desktop/Adminto_codeigniter/public/index.php')
CRITICAL - 2025-01-20 10:45:00 --> ErrorException: Undefined variable $title
[Method: GET, Route: apps-chat]
in APPPATH/Views/partials/menu.php on line 3.
 1 APPPATH/Views/partials/menu.php(3): CodeIgniter\Debug\Exceptions->errorHandler()
 2 SYSTEMPATH/View/View.php(224): include('/home/ct/Desktop/WIP/Adminto_codeigniter/app/Views/partials/menu.php')
 3 SYSTEMPATH/View/View.php(227): CodeIgniter\View\View->CodeIgniter\View\{closure}()
 4 SYSTEMPATH/View/View.php(475): CodeIgniter\View\View->render()
 5 APPPATH/Views/apps-chat.php(13): CodeIgniter\View\View->include()
 6 SYSTEMPATH/View/View.php(224): include('/home/ct/Desktop/WIP/Adminto_codeigniter/app/Views/apps-chat.php')
 7 SYSTEMPATH/View/View.php(227): CodeIgniter\View\View->CodeIgniter\View\{closure}()
 8 SYSTEMPATH/Common.php(1173): CodeIgniter\View\View->render()
 9 APPPATH/Controllers/Home.php(16): view()
10 SYSTEMPATH/CodeIgniter.php(933): App\Controllers\Home->root()
11 SYSTEMPATH/CodeIgniter.php(507): CodeIgniter\CodeIgniter->runController()
12 SYSTEMPATH/CodeIgniter.php(354): CodeIgniter\CodeIgniter->handleRequest()
13 SYSTEMPATH/Boot.php(334): CodeIgniter\CodeIgniter->run()
14 SYSTEMPATH/Boot.php(67): CodeIgniter\Boot::runCodeIgniter()
15 FCPATH/index.php(56): CodeIgniter\Boot::bootWeb()
16 SYSTEMPATH/rewrite.php(44): require_once('/home/ct/Desktop/WIP/Adminto_codeigniter/public/index.php')
CRITICAL - 2025-01-20 11:31:15 --> ErrorException: Undefined variable $title
[Method: GET, Route: apps-user-profile]
in APPPATH/Views/partials/menu.php on line 3.
 1 APPPATH/Views/partials/menu.php(3): CodeIgniter\Debug\Exceptions->errorHandler()
 2 SYSTEMPATH/View/View.php(224): include('/home/ct/Desktop/WIP/Adminto_codeigniter/app/Views/partials/menu.php')
 3 SYSTEMPATH/View/View.php(227): CodeIgniter\View\View->CodeIgniter\View\{closure}()
 4 SYSTEMPATH/View/View.php(475): CodeIgniter\View\View->render()
 5 APPPATH/Views/apps-user-profile.php(13): CodeIgniter\View\View->include()
 6 SYSTEMPATH/View/View.php(224): include('/home/ct/Desktop/WIP/Adminto_codeigniter/app/Views/apps-user-profile.php')
 7 SYSTEMPATH/View/View.php(227): CodeIgniter\View\View->CodeIgniter\View\{closure}()
 8 SYSTEMPATH/Common.php(1173): CodeIgniter\View\View->render()
 9 APPPATH/Controllers/Home.php(16): view()
10 SYSTEMPATH/CodeIgniter.php(933): App\Controllers\Home->root()
11 SYSTEMPATH/CodeIgniter.php(507): CodeIgniter\CodeIgniter->runController()
12 SYSTEMPATH/CodeIgniter.php(354): CodeIgniter\CodeIgniter->handleRequest()
13 SYSTEMPATH/Boot.php(334): CodeIgniter\CodeIgniter->run()
14 SYSTEMPATH/Boot.php(67): CodeIgniter\Boot::runCodeIgniter()
15 FCPATH/index.php(56): CodeIgniter\Boot::bootWeb()
16 SYSTEMPATH/rewrite.php(44): require_once('/home/ct/Desktop/WIP/Adminto_codeigniter/public/index.php')
CRITICAL - 2025-01-20 11:58:02 --> ErrorException: Undefined variable $title
[Method: GET, Route: charts-apex-bubble]
in APPPATH/Views/partials/menu.php on line 3.
 1 APPPATH/Views/partials/menu.php(3): CodeIgniter\Debug\Exceptions->errorHandler()
 2 SYSTEMPATH/View/View.php(224): include('/home/ct/Desktop/WIP/Adminto_codeigniter/app/Views/partials/menu.php')
 3 SYSTEMPATH/View/View.php(227): CodeIgniter\View\View->CodeIgniter\View\{closure}()
 4 SYSTEMPATH/View/View.php(475): CodeIgniter\View\View->render()
 5 APPPATH/Views/charts-apex-bubble.php(13): CodeIgniter\View\View->include()
 6 SYSTEMPATH/View/View.php(224): include('/home/ct/Desktop/WIP/Adminto_codeigniter/app/Views/charts-apex-bubble.php')
 7 SYSTEMPATH/View/View.php(227): CodeIgniter\View\View->CodeIgniter\View\{closure}()
 8 SYSTEMPATH/Common.php(1173): CodeIgniter\View\View->render()
 9 APPPATH/Controllers/Home.php(16): view()
10 SYSTEMPATH/CodeIgniter.php(933): App\Controllers\Home->root()
11 SYSTEMPATH/CodeIgniter.php(507): CodeIgniter\CodeIgniter->runController()
12 SYSTEMPATH/CodeIgniter.php(354): CodeIgniter\CodeIgniter->handleRequest()
13 SYSTEMPATH/Boot.php(334): CodeIgniter\CodeIgniter->run()
14 SYSTEMPATH/Boot.php(67): CodeIgniter\Boot::runCodeIgniter()
15 FCPATH/index.php(56): CodeIgniter\Boot::bootWeb()
16 SYSTEMPATH/rewrite.php(44): require_once('/home/ct/Desktop/WIP/Adminto_codeigniter/public/index.php')
CRITICAL - 2025-01-20 12:00:08 --> ErrorException: Undefined variable $title
[Method: GET, Route: charts-apex-bubble]
in APPPATH/Views/partials/menu.php on line 3.
 1 APPPATH/Views/partials/menu.php(3): CodeIgniter\Debug\Exceptions->errorHandler()
 2 SYSTEMPATH/View/View.php(224): include('/home/ct/Desktop/WIP/Adminto_codeigniter/app/Views/partials/menu.php')
 3 SYSTEMPATH/View/View.php(227): CodeIgniter\View\View->CodeIgniter\View\{closure}()
 4 SYSTEMPATH/View/View.php(475): CodeIgniter\View\View->render()
 5 APPPATH/Views/charts-apex-bubble.php(13): CodeIgniter\View\View->include()
 6 SYSTEMPATH/View/View.php(224): include('/home/ct/Desktop/WIP/Adminto_codeigniter/app/Views/charts-apex-bubble.php')
 7 SYSTEMPATH/View/View.php(227): CodeIgniter\View\View->CodeIgniter\View\{closure}()
 8 SYSTEMPATH/Common.php(1173): CodeIgniter\View\View->render()
 9 APPPATH/Controllers/Home.php(16): view()
10 SYSTEMPATH/CodeIgniter.php(933): App\Controllers\Home->root()
11 SYSTEMPATH/CodeIgniter.php(507): CodeIgniter\CodeIgniter->runController()
12 SYSTEMPATH/CodeIgniter.php(354): CodeIgniter\CodeIgniter->handleRequest()
13 SYSTEMPATH/Boot.php(334): CodeIgniter\CodeIgniter->run()
14 SYSTEMPATH/Boot.php(67): CodeIgniter\Boot::runCodeIgniter()
15 FCPATH/index.php(56): CodeIgniter\Boot::bootWeb()
16 SYSTEMPATH/rewrite.php(44): require_once('/home/ct/Desktop/WIP/Adminto_codeigniter/public/index.php')
CRITICAL - 2025-01-20 12:07:31 --> ErrorException: Undefined variable $title
[Method: GET, Route: charts-apex-heatmap]
in APPPATH/Views/partials/menu.php on line 3.
 1 APPPATH/Views/partials/menu.php(3): CodeIgniter\Debug\Exceptions->errorHandler()
 2 SYSTEMPATH/View/View.php(224): include('/home/ct/Desktop/WIP/Adminto_codeigniter/app/Views/partials/menu.php')
 3 SYSTEMPATH/View/View.php(227): CodeIgniter\View\View->CodeIgniter\View\{closure}()
 4 SYSTEMPATH/View/View.php(475): CodeIgniter\View\View->render()
 5 APPPATH/Views/charts-apex-heatmap.php(13): CodeIgniter\View\View->include()
 6 SYSTEMPATH/View/View.php(224): include('/home/ct/Desktop/WIP/Adminto_codeigniter/app/Views/charts-apex-heatmap.php')
 7 SYSTEMPATH/View/View.php(227): CodeIgniter\View\View->CodeIgniter\View\{closure}()
 8 SYSTEMPATH/Common.php(1173): CodeIgniter\View\View->render()
 9 APPPATH/Controllers/Home.php(16): view()
10 SYSTEMPATH/CodeIgniter.php(933): App\Controllers\Home->root()
11 SYSTEMPATH/CodeIgniter.php(507): CodeIgniter\CodeIgniter->runController()
12 SYSTEMPATH/CodeIgniter.php(354): CodeIgniter\CodeIgniter->handleRequest()
13 SYSTEMPATH/Boot.php(334): CodeIgniter\CodeIgniter->run()
14 SYSTEMPATH/Boot.php(67): CodeIgniter\Boot::runCodeIgniter()
15 FCPATH/index.php(56): CodeIgniter\Boot::bootWeb()
16 SYSTEMPATH/rewrite.php(44): require_once('/home/ct/Desktop/WIP/Adminto_codeigniter/public/index.php')
